CRITICAL - 2024-07-18 00:00:58 --> Unable to connect to the database.
#0 C:\xampp\htdocs\ppdb-ci4\system\Database\BaseConnection.php(646): CodeIgniter\Database\BaseConnection->initialize()
#1 C:\xampp\htdocs\ppdb-ci4\system\Database\BaseConnection.php(1548): CodeIgniter\Database\BaseConnection->query('SHOW TABLES FRO...')
#2 C:\xampp\htdocs\ppdb-ci4\system\Database\BaseConnection.php(1591): CodeIgniter\Database\BaseConnection->listTables()
#3 C:\xampp\htdocs\ppdb-ci4\system\Database\MigrationRunner.php(945): CodeIgniter\Database\BaseConnection->tableExists('migrations')
#4 C:\xampp\htdocs\ppdb-ci4\system\Database\MigrationRunner.php(193): CodeIgniter\Database\MigrationRunner->ensureTable()
#5 C:\xampp\htdocs\ppdb-ci4\system\Commands\Database\Migrate.php(128): CodeIgniter\Database\MigrationRunner->latest(NULL)
#6 C:\xampp\htdocs\ppdb-ci4\system\CLI\Commands.php(100): CodeIgniter\Commands\Database\Migrate->run(Array)
#7 C:\xampp\htdocs\ppdb-ci4\system\CLI\CommandRunner.php(107): CodeIgniter\CLI\Commands->run('migrate', Array)
#8 C:\xampp\htdocs\ppdb-ci4\system\CLI\CommandRunner.php(85): CodeIgniter\CLI\CommandRunner->index(Array)
#9 C:\xampp\htdocs\ppdb-ci4\system\CodeIgniter.php(917): CodeIgniter\CLI\CommandRunner->_remap('index', 'migrate')
#10 C:\xampp\htdocs\ppdb-ci4\system\CodeIgniter.php(407): CodeIgniter\CodeIgniter->runController(Object(CodeIgniter\CLI\CommandRunner))
#11 C:\xampp\htdocs\ppdb-ci4\system\CodeIgniter.php(315): CodeIgniter\CodeIgniter->handleRequest(NULL, Object(Config\Cache), false)
#12 C:\xampp\htdocs\ppdb-ci4\system\CLI\Console.php(86): CodeIgniter\CodeIgniter->run()
#13 C:\xampp\htdocs\ppdb-ci4\spark(57): CodeIgniter\CLI\Console->run()
#14 {main}
CRITICAL - 2024-07-18 00:01:07 --> Unable to connect to the database.
#0 C:\xampp\htdocs\ppdb-ci4\system\Database\BaseConnection.php(646): CodeIgniter\Database\BaseConnection->initialize()
#1 C:\xampp\htdocs\ppdb-ci4\system\Database\BaseBuilder.php(1860): CodeIgniter\Database\BaseConnection->query('SELECT *\nFROM `...', Array, false)
#2 C:\xampp\htdocs\ppdb-ci4\system\Model.php(506): CodeIgniter\Database\BaseBuilder->get()
#3 C:\xampp\htdocs\ppdb-ci4\app\Controllers\Home.php(9): CodeIgniter\Model->first()
#4 C:\xampp\htdocs\ppdb-ci4\system\CodeIgniter.php(921): App\Controllers\Home->index()
#5 C:\xampp\htdocs\ppdb-ci4\system\CodeIgniter.php(407): CodeIgniter\CodeIgniter->runController(Object(App\Controllers\Home))
#6 C:\xampp\htdocs\ppdb-ci4\system\CodeIgniter.php(315): CodeIgniter\CodeIgniter->handleRequest(NULL, Object(Config\Cache), false)
#7 C:\xampp\htdocs\ppdb-ci4\public\index.php(45): CodeIgniter\CodeIgniter->run()
#8 C:\xampp\htdocs\ppdb-ci4\system\Commands\Server\rewrite.php(34): require_once('C:\\xampp\\htdocs...')
#9 {main}
CRITICAL - 2024-07-18 00:19:25 --> Unable to connect to the database.
#0 C:\xampp\htdocs\ppdb-ci4\system\Database\BaseConnection.php(646): CodeIgniter\Database\BaseConnection->initialize()
#1 C:\xampp\htdocs\ppdb-ci4\system\Database\BaseBuilder.php(1860): CodeIgniter\Database\BaseConnection->query('SELECT *\nFROM `...', Array, false)
#2 C:\xampp\htdocs\ppdb-ci4\system\Model.php(506): CodeIgniter\Database\BaseBuilder->get()
#3 C:\xampp\htdocs\ppdb-ci4\app\Controllers\Home.php(9): CodeIgniter\Model->first()
#4 C:\xampp\htdocs\ppdb-ci4\system\CodeIgniter.php(921): App\Controllers\Home->index()
#5 C:\xampp\htdocs\ppdb-ci4\system\CodeIgniter.php(407): CodeIgniter\CodeIgniter->runController(Object(App\Controllers\Home))
#6 C:\xampp\htdocs\ppdb-ci4\system\CodeIgniter.php(315): CodeIgniter\CodeIgniter->handleRequest(NULL, Object(Config\Cache), false)
#7 C:\xampp\htdocs\ppdb-ci4\public\index.php(45): CodeIgniter\CodeIgniter->run()
#8 C:\xampp\htdocs\ppdb-ci4\system\Commands\Server\rewrite.php(34): require_once('C:\\xampp\\htdocs...')
#9 {main}
CRITICAL - 2024-07-18 00:24:19 --> Unable to connect to the database.
#0 C:\xampp\htdocs\ppdb-ci4\system\Database\BaseConnection.php(646): CodeIgniter\Database\BaseConnection->initialize()
#1 C:\xampp\htdocs\ppdb-ci4\system\Database\BaseBuilder.php(1860): CodeIgniter\Database\BaseConnection->query('SELECT *\nFROM `...', Array, false)
#2 C:\xampp\htdocs\ppdb-ci4\system\Model.php(506): CodeIgniter\Database\BaseBuilder->get()
#3 C:\xampp\htdocs\ppdb-ci4\app\Controllers\Home.php(9): CodeIgniter\Model->first()
#4 C:\xampp\htdocs\ppdb-ci4\system\CodeIgniter.php(921): App\Controllers\Home->index()
#5 C:\xampp\htdocs\ppdb-ci4\system\CodeIgniter.php(407): CodeIgniter\CodeIgniter->runController(Object(App\Controllers\Home))
#6 C:\xampp\htdocs\ppdb-ci4\system\CodeIgniter.php(315): CodeIgniter\CodeIgniter->handleRequest(NULL, Object(Config\Cache), false)
#7 C:\xampp\htdocs\ppdb-ci4\public\index.php(45): CodeIgniter\CodeIgniter->run()
#8 C:\xampp\htdocs\ppdb-ci4\system\Commands\Server\rewrite.php(34): require_once('C:\\xampp\\htdocs...')
#9 {main}
CRITICAL - 2024-07-18 00:24:23 --> Unable to connect to the database.
#0 C:\xampp\htdocs\ppdb-ci4\system\Database\BaseConnection.php(646): CodeIgniter\Database\BaseConnection->initialize()
#1 C:\xampp\htdocs\ppdb-ci4\system\Database\BaseBuilder.php(1860): CodeIgniter\Database\BaseConnection->query('SELECT *\nFROM `...', Array, false)
#2 C:\xampp\htdocs\ppdb-ci4\system\Model.php(506): CodeIgniter\Database\BaseBuilder->get()
#3 C:\xampp\htdocs\ppdb-ci4\app\Controllers\Home.php(9): CodeIgniter\Model->first()
#4 C:\xampp\htdocs\ppdb-ci4\system\CodeIgniter.php(921): App\Controllers\Home->index()
#5 C:\xampp\htdocs\ppdb-ci4\system\CodeIgniter.php(407): CodeIgniter\CodeIgniter->runController(Object(App\Controllers\Home))
#6 C:\xampp\htdocs\ppdb-ci4\system\CodeIgniter.php(315): CodeIgniter\CodeIgniter->handleRequest(NULL, Object(Config\Cache), false)
#7 C:\xampp\htdocs\ppdb-ci4\public\index.php(45): CodeIgniter\CodeIgniter->run()
#8 C:\xampp\htdocs\ppdb-ci4\system\Commands\Server\rewrite.php(34): require_once('C:\\xampp\\htdocs...')
#9 {main}
CRITICAL - 2024-07-18 00:30:18 --> Unable to connect to the database.
#0 C:\xampp\htdocs\ppdb-ci4\system\Database\BaseConnection.php(646): CodeIgniter\Database\BaseConnection->initialize()
#1 C:\xampp\htdocs\ppdb-ci4\system\Database\BaseBuilder.php(1860): CodeIgniter\Database\BaseConnection->query('SELECT *\nFROM `...', Array, false)
#2 C:\xampp\htdocs\ppdb-ci4\system\Model.php(506): CodeIgniter\Database\BaseBuilder->get()
#3 C:\xampp\htdocs\ppdb-ci4\app\Controllers\Home.php(9): CodeIgniter\Model->first()
#4 C:\xampp\htdocs\ppdb-ci4\system\CodeIgniter.php(921): App\Controllers\Home->index()
#5 C:\xampp\htdocs\ppdb-ci4\system\CodeIgniter.php(407): CodeIgniter\CodeIgniter->runController(Object(App\Controllers\Home))
#6 C:\xampp\htdocs\ppdb-ci4\system\CodeIgniter.php(315): CodeIgniter\CodeIgniter->handleRequest(NULL, Object(Config\Cache), false)
#7 C:\xampp\htdocs\ppdb-ci4\public\index.php(45): CodeIgniter\CodeIgniter->run()
#8 C:\xampp\htdocs\ppdb-ci4\system\Commands\Server\rewrite.php(34): require_once('C:\\xampp\\htdocs...')
#9 {main}
CRITICAL - 2024-07-18 07:30:37 --> Unable to connect to the database.
#0 C:\xampp\htdocs\ppdb-ci4\system\Database\BaseConnection.php(646): CodeIgniter\Database\BaseConnection->initialize()
#1 C:\xampp\htdocs\ppdb-ci4\system\Database\BaseBuilder.php(1860): CodeIgniter\Database\BaseConnection->query('SELECT *\nFROM `...', Array, false)
#2 C:\xampp\htdocs\ppdb-ci4\system\Model.php(506): CodeIgniter\Database\BaseBuilder->get()
#3 C:\xampp\htdocs\ppdb-ci4\app\Controllers\Login.php(19): CodeIgniter\Model->first()
#4 C:\xampp\htdocs\ppdb-ci4\system\CodeIgniter.php(921): App\Controllers\Login->index()
#5 C:\xampp\htdocs\ppdb-ci4\system\CodeIgniter.php(407): CodeIgniter\CodeIgniter->runController(Object(App\Controllers\Login))
#6 C:\xampp\htdocs\ppdb-ci4\system\CodeIgniter.php(315): CodeIgniter\CodeIgniter->handleRequest(NULL, Object(Config\Cache), false)
#7 C:\xampp\htdocs\ppdb-ci4\public\index.php(45): CodeIgniter\CodeIgniter->run()
#8 C:\xampp\htdocs\ppdb-ci4\system\Commands\Server\rewrite.php(34): require_once('C:\\xampp\\htdocs...')
#9 {main}
