CRITICAL - 2024-08-21 10:46:10 --> syntax error, unexpected 'public' (T_PUBLIC)
#0 C:\xampp\htdocs\ppdb-ci4\system\Autoloader\Autoloader.php(296): CodeIgniter\Autoloader\Autoloader->requireFile('C:\\xampp\\htdocs...')
#1 C:\xampp\htdocs\ppdb-ci4\system\Autoloader\Autoloader.php(258): CodeIgniter\Autoloader\Autoloader->loadInNamespace('App\\Controllers...')
#2 [internal function]: CodeIgniter\Autoloader\Autoloader->loadClass('App\\Controllers...')
#3 [internal function]: spl_autoload_call('App\\Controllers...')
#4 C:\xampp\htdocs\ppdb-ci4\system\CodeIgniter.php(872): class_exists('\\App\\Controller...', true)
#5 C:\xampp\htdocs\ppdb-ci4\system\CodeIgniter.php(397): CodeIgniter\CodeIgniter->startController()
#6 C:\xampp\htdocs\ppdb-ci4\system\CodeIgniter.php(315): CodeIgniter\CodeIgniter->handleRequest(NULL, Object(Config\Cache), false)
#7 C:\xampp\htdocs\ppdb-ci4\public\index.php(45): CodeIgniter\CodeIgniter->run()
#8 C:\xampp\htdocs\ppdb-ci4\system\Commands\Server\rewrite.php(34): require_once('C:\\xampp\\htdocs...')
#9 {main}
CRITICAL - 2024-08-21 11:01:20 --> syntax error, unexpected end of file, expecting function (T_FUNCTION) or const (T_CONST)
#0 C:\xampp\htdocs\ppdb-ci4\system\Autoloader\Autoloader.php(296): CodeIgniter\Autoloader\Autoloader->requireFile('C:\\xampp\\htdocs...')
#1 C:\xampp\htdocs\ppdb-ci4\system\Autoloader\Autoloader.php(258): CodeIgniter\Autoloader\Autoloader->loadInNamespace('App\\Controllers...')
#2 [internal function]: CodeIgniter\Autoloader\Autoloader->loadClass('App\\Controllers...')
#3 [internal function]: spl_autoload_call('App\\Controllers...')
#4 C:\xampp\htdocs\ppdb-ci4\system\CodeIgniter.php(872): class_exists('\\App\\Controller...', true)
#5 C:\xampp\htdocs\ppdb-ci4\system\CodeIgniter.php(397): CodeIgniter\CodeIgniter->startController()
#6 C:\xampp\htdocs\ppdb-ci4\system\CodeIgniter.php(315): CodeIgniter\CodeIgniter->handleRequest(NULL, Object(Config\Cache), false)
#7 C:\xampp\htdocs\ppdb-ci4\public\index.php(45): CodeIgniter\CodeIgniter->run()
#8 C:\xampp\htdocs\ppdb-ci4\system\Commands\Server\rewrite.php(34): require_once('C:\\xampp\\htdocs...')
#9 {main}
CRITICAL - 2024-08-21 11:01:41 --> syntax error, unexpected 'public' (T_PUBLIC), expecting end of file
#0 C:\xampp\htdocs\ppdb-ci4\system\Autoloader\Autoloader.php(296): CodeIgniter\Autoloader\Autoloader->requireFile('C:\\xampp\\htdocs...')
#1 C:\xampp\htdocs\ppdb-ci4\system\Autoloader\Autoloader.php(258): CodeIgniter\Autoloader\Autoloader->loadInNamespace('App\\Controllers...')
#2 [internal function]: CodeIgniter\Autoloader\Autoloader->loadClass('App\\Controllers...')
#3 [internal function]: spl_autoload_call('App\\Controllers...')
#4 C:\xampp\htdocs\ppdb-ci4\system\CodeIgniter.php(872): class_exists('\\App\\Controller...', true)
#5 C:\xampp\htdocs\ppdb-ci4\system\CodeIgniter.php(397): CodeIgniter\CodeIgniter->startController()
#6 C:\xampp\htdocs\ppdb-ci4\system\CodeIgniter.php(315): CodeIgniter\CodeIgniter->handleRequest(NULL, Object(Config\Cache), false)
#7 C:\xampp\htdocs\ppdb-ci4\public\index.php(45): CodeIgniter\CodeIgniter->run()
#8 C:\xampp\htdocs\ppdb-ci4\system\Commands\Server\rewrite.php(34): require_once('C:\\xampp\\htdocs...')
#9 {main}
CRITICAL - 2024-08-21 11:42:04 --> syntax error, unexpected '<'
#0 C:\xampp\htdocs\ppdb-ci4\system\Router\Router.php(195): CodeIgniter\Router\Router->autoRoute('ppdb')
#1 C:\xampp\htdocs\ppdb-ci4\system\CodeIgniter.php(796): CodeIgniter\Router\Router->handle('ppdb')
#2 C:\xampp\htdocs\ppdb-ci4\system\CodeIgniter.php(367): CodeIgniter\CodeIgniter->tryToRouteIt(Object(CodeIgniter\Router\RouteCollection))
#3 C:\xampp\htdocs\ppdb-ci4\system\CodeIgniter.php(315): CodeIgniter\CodeIgniter->handleRequest(NULL, Object(Config\Cache), false)
#4 C:\xampp\htdocs\ppdb-ci4\public\index.php(45): CodeIgniter\CodeIgniter->run()
#5 C:\xampp\htdocs\ppdb-ci4\system\Commands\Server\rewrite.php(34): require_once('C:\\xampp\\htdocs...')
#6 {main}
